<?xml version="1.0" encoding="UTF-8"?>
<!-- Generated by org.testng.reporters.JUnitReportReporter -->
<testsuite skipped="0" hostname="C02F9WE5Q6L4" name="com.UI_Automation.runner.TestRunner" tests="3" failures="0" timestamp="2021-11-24T10:39:32 IST" time="261.553" errors="1">
  <testcase name="runScenario" time="83.834" classname="com.UI_Automation.runner.TestRunner"/>
  <system-out/>
  <testcase name="runScenario" time="104.209" classname="com.UI_Automation.runner.TestRunner">
    <error type="io.cucumber.testng.UndefinedStepException" message="The step &quot;User enters the belows details in the Request Call back form &quot;Sunil&quot;,&quot;shankaramurthy&quot;,&quot;msunil1@gmail.com&quot;,&quot;0740000000&quot;,&quot;4 PM&quot;,&quot;Conveyancing&quot;&quot; is undefined. You can implement it using the snippet(s) below:

@When(&quot;User enters the belows details in the Request Call back form {string},{string},{string},{string},{string},{string}&quot;)
public void user_enters_the_belows_details_in_the_request_call_back_form(String string, String string2, String string3, String string4, String string5, String string6) {
    // Write code here that turns the phrase above into concrete actions
    throw new io.cucumber.java.PendingException();
}
">
      <![CDATA[io.cucumber.testng.UndefinedStepException: The step "User enters the belows details in the Request Call back form "Sunil","shankaramurthy","msunil1@gmail.com","0740000000","4 PM","Conveyancing"" is undefined. You can implement it using the snippet(s) below:

@When("User enters the belows details in the Request Call back form {string},{string},{string},{string},{string},{string}")
public void user_enters_the_belows_details_in_the_request_call_back_form(String string, String string2, String string3, String string4, String string5, String string6) {
    // Write code here that turns the phrase above into concrete actions
    throw new io.cucumber.java.PendingException();
}

at io.cucumber.core.runtime.TestCaseResultObserver.assertTestCasePassed(TestCaseResultObserver.java:102)
at io.cucumber.testng.TestCaseResultObserver.assertTestCasePassed(TestCaseResultObserver.java:23)
at io.cucumber.testng.TestNGCucumberRunner.lambda$runScenario$0(TestNGCucumberRunner.java:117)
at io.cucumber.core.runtime.CucumberExecutionContext.runTestCase(CucumberExecutionContext.java:117)
at io.cucumber.testng.TestNGCucumberRunner.runScenario(TestNGCucumberRunner.java:113)
at io.cucumber.testng.AbstractTestNGCucumberTests.runScenario(AbstractTestNGCucumberTests.java:31)
at sun.reflect.NativeMethodAccessorImpl.invoke0(Native Method)
at sun.reflect.NativeMethodAccessorImpl.invoke(NativeMethodAccessorImpl.java:62)
at sun.reflect.DelegatingMethodAccessorImpl.invoke(DelegatingMethodAccessorImpl.java:43)
at java.lang.reflect.Method.invoke(Method.java:498)
at org.testng.internal.MethodInvocationHelper.invokeMethod(MethodInvocationHelper.java:132)
at org.testng.internal.TestInvoker.invokeMethod(TestInvoker.java:599)
at org.testng.internal.TestInvoker.invokeTestMethod(TestInvoker.java:174)
at org.testng.internal.TestMethodWithDataProviderMethodWorker.call(TestMethodWithDataProviderMethodWorker.java:77)
at org.testng.internal.TestMethodWithDataProviderMethodWorker.call(TestMethodWithDataProviderMethodWorker.java:15)
at java.util.concurrent.FutureTask.run(FutureTask.java:266)
at java.util.concurrent.Executors$RunnableAdapter.call(Executors.java:511)
at java.util.concurrent.FutureTask.run(FutureTask.java:266)
at java.util.concurrent.ThreadPoolExecutor.runWorker(ThreadPoolExecutor.java:1149)
at java.util.concurrent.ThreadPoolExecutor$Worker.run(ThreadPoolExecutor.java:624)
at java.lang.Thread.run(Thread.java:748)
]]>
    </error>
  </testcase> <!-- runScenario -->
  <system-out/>
  <testcase name="runScenario" time="73.510" classname="com.UI_Automation.runner.TestRunner"/>
  <system-out/>
</testsuite> <!-- com.UI_Automation.runner.TestRunner -->
